<?xml version="1.0" encoding="UTF-8"?>
<!-- Generated by org.testng.reporters.JUnitXMLReporter -->
<testsuite ignored="0" hostname="DESKTOP-2GD0FUF" failures="0" tests="3" name="Default test" time="0.132" errors="0" timestamp="2024-04-03T10:53:54 IST">
  <testcase classname="task5.task5.CalculatorAppTest" name="testAdd" time="0.042"/>
  <testcase classname="task5.task5.CalculatorAppTest" name="testMul" time="0.002"/>
  <testcase classname="task5.task5.CalculatorAppTest" name="testSub" time="0.002"/>
</testsuite> <!-- Default test -->
