<?xml version="1.0" encoding="UTF-8"?>
<testng-results ignored="0" total="1" passed="1" failed="0" skipped="0">
  <reporter-output>
  </reporter-output>
  <suite started-at="2024-04-03T10:36:38 IST" name="Surefire suite" finished-at="2024-04-03T10:36:38 IST" duration-ms="47">
    <groups>
    </groups>
    <test started-at="2024-04-03T10:36:38 IST" name="Surefire test" finished-at="2024-04-03T10:36:38 IST" duration-ms="47">
      <class name="task5.task5.AppTest">
        <test-method signature="testApp()[pri:0, instance:testApp(task5.task5.AppTest)]" started-at="2024-04-03T10:36:38 IST" name="testApp" finished-at="2024-04-03T10:36:38 IST" duration-ms="3" status="PASS">
          <reporter-output>
          </reporter-output>
        </test-method> <!-- testApp -->
      </class> <!-- task5.task5.AppTest -->
    </test> <!-- Surefire test -->
  </suite> <!-- Surefire suite -->
</testng-results>
