<?xml version="1.0" encoding="UTF-8"?>
<testng-results ignored="0" total="3" passed="3" failed="0" skipped="0">
  <reporter-output>
  </reporter-output>
  <suite started-at="2024-04-03T10:53:54 IST" name="Default suite" finished-at="2024-04-03T10:53:54 IST" duration-ms="132">
    <groups>
    </groups>
    <test started-at="2024-04-03T10:53:54 IST" name="Default test" finished-at="2024-04-03T10:53:54 IST" duration-ms="132">
      <class name="task5.task5.CalculatorAppTest">
        <test-method signature="testAdd()[pri:0, instance:task5.task5.CalculatorAppTest@47e2e487]" started-at="2024-04-03T10:53:54 IST" name="testAdd" finished-at="2024-04-03T10:53:54 IST" duration-ms="42" status="PASS">
          <reporter-output>
          </reporter-output>
        </test-method> <!-- testAdd -->
        <test-method signature="testMul()[pri:0, instance:task5.task5.CalculatorAppTest@47e2e487]" started-at="2024-04-03T10:53:54 IST" name="testMul" finished-at="2024-04-03T10:53:54 IST" duration-ms="2" status="PASS">
          <reporter-output>
          </reporter-output>
        </test-method> <!-- testMul -->
        <test-method signature="testSub()[pri:0, instance:task5.task5.CalculatorAppTest@47e2e487]" started-at="2024-04-03T10:53:54 IST" name="testSub" finished-at="2024-04-03T10:53:54 IST" duration-ms="2" status="PASS">
          <reporter-output>
          </reporter-output>
        </test-method> <!-- testSub -->
      </class> <!-- task5.task5.CalculatorAppTest -->
    </test> <!-- Default test -->
  </suite> <!-- Default suite -->
</testng-results>
